0 verbose cli C:\Program Files\nodejs\node.exe C:\Users\LENOVO\AppData\Roaming\npm\node_modules\npm\bin\npm-cli.js
1 info using npm@11.5.2
2 info using node@v22.18.0
3 silly config load:file:C:\Users\LENOVO\AppData\Roaming\npm\node_modules\npm\npmrc
4 warn Unknown env config "override-resolutions". This will stop working in the next major version of npm.
5 silly config load:file:C:\Users\LENOVO\Documents\GitHub\startup-news-platform\frontend\.npmrc
6 warn config optional Use `--omit=optional` to exclude optional dependencies, or
6 warn config `--include=optional` to include them.
6 warn config
6 warn config       Default value does install optional deps unless otherwise omitted.
7 warn Unknown project config "override-resolutions". This will stop working in the next major version of npm.
8 silly config load:file:C:\Users\LENOVO\.npmrc
9 silly config load:file:C:\Users\LENOVO\AppData\Roaming\npm\etc\npmrc
10 verbose title npm config get registry
11 verbose argv "config" "get" "registry"
12 verbose logfile logs-max:10 dir:C:\Users\LENOVO\Documents\GitHub\startup-news-platform\frontend\.npm-cache\_logs\2025-08-14T06_01_57_574Z-
13 verbose logfile C:\Users\LENOVO\Documents\GitHub\startup-news-platform\frontend\.npm-cache\_logs\2025-08-14T06_01_57_574Z-debug-0.log
14 warn using --force Recommended protections disabled.
15 silly logfile done cleaning log files
16 verbose cwd C:\Users\LENOVO\Documents\GitHub\startup-news-platform\frontend
17 verbose os Windows_NT 10.0.26100
18 verbose node v22.18.0
19 verbose npm  v11.5.2
20 verbose exit 0
21 info ok
