0 verbose cli C:\Program Files\nodejs\node.exe C:\Program Files\nodejs\node_modules\npm\bin\npm-cli.js
1 info using npm@10.9.3
2 info using node@v22.18.0
3 silly config load:file:C:\Program Files\nodejs\node_modules\npm\npmrc
4 silly config load:file:C:\Users\LENOVO\Documents\GitHub\startup-news-platform\frontend\.npmrc
5 warn config optional Use `--omit=optional` to exclude optional dependencies, or
5 warn config `--include=optional` to include them.
5 warn config
5 warn config       Default value does install optional deps unless otherwise omitted.
6 silly config load:file:C:\Users\LENOVO\.npmrc
7 silly config load:file:C:\Users\LENOVO\AppData\Roaming\npm\etc\npmrc
8 verbose title npm cache clean
9 verbose argv "cache" "clean" "--force"
10 verbose logfile logs-max:10 dir:C:\Users\LENOVO\Documents\GitHub\startup-news-platform\frontend\.npm-cache\_logs\2025-08-14T05_16_15_502Z-
11 verbose logfile C:\Users\LENOVO\Documents\GitHub\startup-news-platform\frontend\.npm-cache\_logs\2025-08-14T05_16_15_502Z-debug-0.log
12 warn using --force Recommended protections disabled.
13 silly logfile done cleaning log files
14 verbose cwd C:\Users\LENOVO\Documents\GitHub\startup-news-platform\frontend
15 verbose os Windows_NT 10.0.26100
16 verbose node v22.18.0
17 verbose npm  v10.9.3
18 verbose exit 0
19 info ok
