0 verbose cli C:\Program Files\nodejs\node.exe C:\Users\LENOVO\AppData\Roaming\npm\node_modules\npm\bin\npm-cli.js
1 info using npm@11.5.2
2 info using node@v22.18.0
3 silly config load:file:C:\Users\LENOVO\AppData\Roaming\npm\node_modules\npm\npmrc
4 silly config load:file:C:\Users\LENOVO\Documents\GitHub\startup-news-platform\frontend\.npmrc
5 warn config optional Use `--omit=optional` to exclude optional dependencies, or
5 warn config `--include=optional` to include them.
5 warn config
5 warn config       Default value does install optional deps unless otherwise omitted.
6 warn Unknown project config "override-resolutions". This will stop working in the next major version of npm.
7 silly config load:file:C:\Users\LENOVO\.npmrc
8 silly config load:file:C:\Users\LENOVO\AppData\Roaming\npm\etc\npmrc
9 verbose title npm run start
10 verbose argv "run" "start"
11 verbose logfile logs-max:10 dir:C:\Users\LENOVO\Documents\GitHub\startup-news-platform\frontend\.npm-cache\_logs\2025-08-14T06_16_14_926Z-
12 verbose logfile C:\Users\LENOVO\Documents\GitHub\startup-news-platform\frontend\.npm-cache\_logs\2025-08-14T06_16_14_926Z-debug-0.log
13 warn using --force Recommended protections disabled.
14 silly logfile start cleaning logs, removing 1 files
15 silly logfile done cleaning log files
16 verbose cwd C:\Users\LENOVO\Documents\GitHub\startup-news-platform\frontend
17 verbose os Windows_NT 10.0.26100
18 verbose node v22.18.0
19 verbose npm  v11.5.2
20 verbose exit 1
21 verbose code 1
22 error A complete log of this run can be found in: C:\Users\LENOVO\Documents\GitHub\startup-news-platform\frontend\.npm-cache\_logs\2025-08-14T06_16_14_926Z-debug-0.log
