0 verbose cli C:\Program Files\nodejs\node.exe C:\Users\LENOVO\AppData\Roaming\npm\node_modules\npm\bin\npm-cli.js
1 info using npm@11.5.2
2 info using node@v22.18.0
3 silly config load:file:C:\Users\LENOVO\AppData\Roaming\npm\node_modules\npm\npmrc
4 silly config load:file:C:\Users\LENOVO\Documents\GitHub\startup-news-platform\frontend\.npmrc
5 warn config optional Use `--omit=optional` to exclude optional dependencies, or
5 warn config `--include=optional` to include them.
5 warn config
5 warn config       Default value does install optional deps unless otherwise omitted.
6 warn Unknown project config "override-resolutions". This will stop working in the next major version of npm.
7 silly config load:file:C:\Users\LENOVO\.npmrc
8 silly config load:file:C:\Users\LENOVO\AppData\Roaming\npm\etc\npmrc
9 verbose title npm install
10 verbose argv "install"
11 verbose logfile logs-max:10 dir:C:\Users\LENOVO\Documents\GitHub\startup-news-platform\frontend\.npm-cache\_logs\2025-08-14T06_21_10_066Z-
12 verbose logfile C:\Users\LENOVO\Documents\GitHub\startup-news-platform\frontend\.npm-cache\_logs\2025-08-14T06_21_10_066Z-debug-0.log
13 warn using --force Recommended protections disabled.
14 silly logfile start cleaning logs, removing 1 files
15 silly packumentCache heap:2197815296 maxSize:549453824 maxEntrySize:274726912
16 silly logfile done cleaning log files
17 silly idealTree buildDeps
18 verbose shrinkwrap failed to load node_modules/.package-lock.json out of date, updated: node_modules/next
19 silly reify moves {}
20 silly reify mark deleted [
20 silly reify   'C:\\Users\\LENOVO\\Documents\\GitHub\\startup-news-platform\\frontend\\node_modules\\@next\\swc-darwin-arm64'
20 silly reify ]
21 silly reify mark deleted [
21 silly reify   'C:\\Users\\LENOVO\\Documents\\GitHub\\startup-news-platform\\frontend\\node_modules\\@next\\swc-darwin-x64'
21 silly reify ]
22 silly reify mark deleted [
22 silly reify   'C:\\Users\\LENOVO\\Documents\\GitHub\\startup-news-platform\\frontend\\node_modules\\@next\\swc-linux-arm64-gnu'
22 silly reify ]
23 silly reify mark deleted [
23 silly reify   'C:\\Users\\LENOVO\\Documents\\GitHub\\startup-news-platform\\frontend\\node_modules\\@next\\swc-linux-arm64-musl'
23 silly reify ]
24 silly reify mark deleted [
24 silly reify   'C:\\Users\\LENOVO\\Documents\\GitHub\\startup-news-platform\\frontend\\node_modules\\@next\\swc-linux-x64-gnu'
24 silly reify ]
25 silly reify mark deleted [
25 silly reify   'C:\\Users\\LENOVO\\Documents\\GitHub\\startup-news-platform\\frontend\\node_modules\\@next\\swc-linux-x64-musl'
25 silly reify ]
26 silly reify mark deleted [
26 silly reify   'C:\\Users\\LENOVO\\Documents\\GitHub\\startup-news-platform\\frontend\\node_modules\\@next\\swc-win32-arm64-msvc'
26 silly reify ]
27 silly reify mark deleted [
27 silly reify   'C:\\Users\\LENOVO\\Documents\\GitHub\\startup-news-platform\\frontend\\node_modules\\@next\\swc-win32-ia32-msvc'
27 silly reify ]
28 silly reify mark deleted [
28 silly reify   'C:\\Users\\LENOVO\\Documents\\GitHub\\startup-news-platform\\frontend\\node_modules\\@next\\swc-win32-x64-msvc'
28 silly reify ]
29 silly reify mark deleted [
29 silly reify   'C:\\Users\\LENOVO\\Documents\\GitHub\\startup-news-platform\\frontend\\node_modules\\@pkgjs\\parseargs'
29 silly reify ]
30 silly reify mark deleted [
30 silly reify   'C:\\Users\\LENOVO\\Documents\\GitHub\\startup-news-platform\\frontend\\node_modules\\fsevents'
30 silly reify ]
31 silly ADD
32 silly ADD
33 silly ADD
34 silly ADD
35 silly ADD
36 silly ADD
37 silly ADD
38 silly ADD
39 silly ADD
40 silly ADD
41 silly ADD
42 verbose cwd C:\Users\LENOVO\Documents\GitHub\startup-news-platform\frontend
43 verbose os Windows_NT 10.0.26100
44 verbose node v22.18.0
45 verbose npm  v11.5.2
46 verbose exit 0
47 info ok
