0 verbose cli C:\Program Files\nodejs\node.exe C:\Users\LENOVO\AppData\Roaming\npm\node_modules\npm\bin\npm-cli.js
1 info using npm@11.5.2
2 info using node@v22.18.0
3 silly config load:file:C:\Users\LENOVO\AppData\Roaming\npm\node_modules\npm\npmrc
4 warn Unknown env config "override-resolutions". This will stop working in the next major version of npm.
5 silly config load:file:C:\Users\LENOVO\Documents\GitHub\startup-news-platform\frontend\.npmrc
6 warn config optional Use `--omit=optional` to exclude optional dependencies, or
6 warn config `--include=optional` to include them.
6 warn config
6 warn config       Default value does install optional deps unless otherwise omitted.
7 warn Unknown project config "override-resolutions". This will stop working in the next major version of npm.
8 silly config load:file:C:\Users\LENOVO\.npmrc
9 silly config load:file:C:\Users\LENOVO\AppData\Roaming\npm\etc\npmrc
10 verbose title npm install typescript @types/react @types/node
11 verbose argv "install" "--save-exact" "--save-dev" "typescript" "@types/react" "@types/node"
12 verbose logfile logs-max:10 dir:C:\Users\LENOVO\Documents\GitHub\startup-news-platform\frontend\.npm-cache\_logs\2025-08-14T06_01_45_531Z-
13 verbose logfile C:\Users\LENOVO\Documents\GitHub\startup-news-platform\frontend\.npm-cache\_logs\2025-08-14T06_01_45_531Z-debug-0.log
14 warn using --force Recommended protections disabled.
15 silly logfile done cleaning log files
16 silly packumentCache heap:2197815296 maxSize:549453824 maxEntrySize:274726912
17 silly idealTree buildDeps
18 silly fetch manifest typescript@*
19 silly packumentCache full:https://registry.npmjs.org/typescript cache-miss
20 http fetch GET 200 https://registry.npmjs.org/typescript 728ms (cache miss)
21 silly packumentCache full:https://registry.npmjs.org/typescript set size:undefined disposed:false
22 silly fetch manifest @types/react@*
23 silly packumentCache full:https://registry.npmjs.org/@types%2freact cache-miss
24 http fetch GET 200 https://registry.npmjs.org/@types%2freact 196ms (cache miss)
25 silly packumentCache full:https://registry.npmjs.org/@types%2freact set size:undefined disposed:false
26 silly fetch manifest @types/node@*
27 silly packumentCache full:https://registry.npmjs.org/@types%2fnode cache-miss
28 http fetch GET 200 https://registry.npmjs.org/@types%2fnode 392ms (cache miss)
29 silly packumentCache full:https://registry.npmjs.org/@types%2fnode set size:undefined disposed:false
30 silly placeDep ROOT @types/node@24.2.1 OK for: startup-news-frontend@1.0.0 want: *
31 silly placeDep ROOT @types/react@19.1.10 OK for: startup-news-frontend@1.0.0 want: *
32 silly placeDep ROOT typescript@5.9.2 OK for: startup-news-frontend@1.0.0 want: *
33 silly fetch manifest undici-types@~7.10.0
34 silly packumentCache full:https://registry.npmjs.org/undici-types cache-miss
35 silly fetch manifest csstype@^3.0.2
36 silly packumentCache full:https://registry.npmjs.org/csstype cache-miss
37 http fetch GET 200 https://registry.npmjs.org/undici-types 71ms (cache miss)
38 silly packumentCache full:https://registry.npmjs.org/undici-types set size:undefined disposed:false
39 http fetch GET 200 https://registry.npmjs.org/csstype 183ms (cache miss)
40 silly packumentCache full:https://registry.npmjs.org/csstype set size:undefined disposed:false
41 silly placeDep ROOT undici-types@7.10.0 OK for: @types/node@24.2.1 want: ~7.10.0
42 silly placeDep ROOT csstype@3.1.3 OK for: @types/react@19.1.10 want: ^3.0.2
43 silly reify moves {}
44 silly reify mark deleted [
44 silly reify   'C:\\Users\\LENOVO\\Documents\\GitHub\\startup-news-platform\\frontend\\node_modules\\@next\\swc-darwin-arm64'
44 silly reify ]
45 silly reify mark deleted [
45 silly reify   'C:\\Users\\LENOVO\\Documents\\GitHub\\startup-news-platform\\frontend\\node_modules\\@next\\swc-darwin-x64'
45 silly reify ]
46 silly reify mark deleted [
46 silly reify   'C:\\Users\\LENOVO\\Documents\\GitHub\\startup-news-platform\\frontend\\node_modules\\@next\\swc-linux-arm64-gnu'
46 silly reify ]
47 silly reify mark deleted [
47 silly reify   'C:\\Users\\LENOVO\\Documents\\GitHub\\startup-news-platform\\frontend\\node_modules\\@next\\swc-linux-arm64-musl'
47 silly reify ]
48 silly reify mark deleted [
48 silly reify   'C:\\Users\\LENOVO\\Documents\\GitHub\\startup-news-platform\\frontend\\node_modules\\@next\\swc-linux-x64-gnu'
48 silly reify ]
49 silly reify mark deleted [
49 silly reify   'C:\\Users\\LENOVO\\Documents\\GitHub\\startup-news-platform\\frontend\\node_modules\\@next\\swc-linux-x64-musl'
49 silly reify ]
50 silly reify mark deleted [
50 silly reify   'C:\\Users\\LENOVO\\Documents\\GitHub\\startup-news-platform\\frontend\\node_modules\\@next\\swc-win32-arm64-msvc'
50 silly reify ]
51 silly reify mark deleted [
51 silly reify   'C:\\Users\\LENOVO\\Documents\\GitHub\\startup-news-platform\\frontend\\node_modules\\@next\\swc-win32-ia32-msvc'
51 silly reify ]
52 silly reify mark deleted [
52 silly reify   'C:\\Users\\LENOVO\\Documents\\GitHub\\startup-news-platform\\frontend\\node_modules\\@next\\swc-win32-x64-msvc'
52 silly reify ]
53 silly reify mark deleted [
53 silly reify   'C:\\Users\\LENOVO\\Documents\\GitHub\\startup-news-platform\\frontend\\node_modules\\@pkgjs\\parseargs'
53 silly reify ]
54 silly reify mark deleted [
54 silly reify   'C:\\Users\\LENOVO\\Documents\\GitHub\\startup-news-platform\\frontend\\node_modules\\fsevents'
54 silly reify ]
55 http cache @types/react@https://registry.npmjs.org/@types/react/-/react-19.1.10.tgz 0ms (cache hit)
56 http cache @types/node@https://registry.npmjs.org/@types/node/-/node-24.2.1.tgz 0ms (cache hit)
57 silly tarball no local data for @types/react@https://registry.npmjs.org/@types/react/-/react-19.1.10.tgz. Extracting by manifest.
58 http cache csstype@https://registry.npmjs.org/csstype/-/csstype-3.1.3.tgz 0ms (cache hit)
59 http cache typescript@https://registry.npmjs.org/typescript/-/typescript-5.9.2.tgz 0ms (cache hit)
60 silly tarball no local data for @types/node@https://registry.npmjs.org/@types/node/-/node-24.2.1.tgz. Extracting by manifest.
61 http cache undici-types@https://registry.npmjs.org/undici-types/-/undici-types-7.10.0.tgz 0ms (cache hit)
62 silly tarball no local data for csstype@https://registry.npmjs.org/csstype/-/csstype-3.1.3.tgz. Extracting by manifest.
63 silly tarball no local data for typescript@https://registry.npmjs.org/typescript/-/typescript-5.9.2.tgz. Extracting by manifest.
64 silly tarball no local data for undici-types@https://registry.npmjs.org/undici-types/-/undici-types-7.10.0.tgz. Extracting by manifest.
65 http fetch GET 200 https://registry.npmjs.org/@types/react/-/react-19.1.10.tgz 209ms (cache miss)
66 http fetch GET 200 https://registry.npmjs.org/csstype/-/csstype-3.1.3.tgz 285ms (cache miss)
67 http fetch GET 200 https://registry.npmjs.org/undici-types/-/undici-types-7.10.0.tgz 362ms (cache miss)
68 http fetch GET 200 https://registry.npmjs.org/@types/node/-/node-24.2.1.tgz 470ms (cache miss)
69 http fetch GET 200 https://registry.npmjs.org/typescript/-/typescript-5.9.2.tgz 1432ms (cache miss)
70 silly ADD node_modules/csstype
71 silly ADD node_modules/undici-types
72 silly ADD node_modules/typescript
73 silly ADD node_modules/@types/react
74 silly ADD node_modules/@types/node
75 silly ADD
76 silly ADD
77 silly ADD
78 silly ADD
79 silly ADD
80 silly ADD
81 silly ADD
82 silly ADD
83 silly ADD
84 silly ADD
85 silly ADD
86 verbose cwd C:\Users\LENOVO\Documents\GitHub\startup-news-platform\frontend
87 verbose os Windows_NT 10.0.26100
88 verbose node v22.18.0
89 verbose npm  v11.5.2
90 verbose exit 0
91 info ok
