0 verbose cli C:\Program Files\nodejs\node.exe C:\Users\LENOVO\AppData\Roaming\npm\node_modules\npm\bin\npm-cli.js
1 info using npm@11.5.2
2 info using node@v22.18.0
3 silly config load:file:C:\Users\LENOVO\AppData\Roaming\npm\node_modules\npm\npmrc
4 silly config load:file:C:\Users\LENOVO\Documents\GitHub\startup-news-platform\frontend\.npmrc
5 warn config optional Use `--omit=optional` to exclude optional dependencies, or
5 warn config `--include=optional` to include them.
5 warn config
5 warn config       Default value does install optional deps unless otherwise omitted.
6 warn Unknown project config "override-resolutions". This will stop working in the next major version of npm.
7 silly config load:file:C:\Users\LENOVO\.npmrc
8 silly config load:file:C:\Users\LENOVO\AppData\Roaming\npm\etc\npmrc
9 verbose title npm fund
10 verbose argv "fund"
11 verbose logfile logs-max:10 dir:C:\Users\LENOVO\Documents\GitHub\startup-news-platform\frontend\.npm-cache\_logs\2025-08-14T05_40_19_472Z-
12 verbose logfile C:\Users\LENOVO\Documents\GitHub\startup-news-platform\frontend\.npm-cache\_logs\2025-08-14T05_40_19_472Z-debug-0.log
13 warn using --force Recommended protections disabled.
14 silly logfile done cleaning log files
15 silly packumentCache heap:2197815296 maxSize:549453824 maxEntrySize:274726912
16 verbose cwd C:\Users\LENOVO\Documents\GitHub\startup-news-platform\frontend
17 verbose os Windows_NT 10.0.26100
18 verbose node v22.18.0
19 verbose npm  v11.5.2
20 verbose exit 0
21 info ok
